Diagnose log at 2025-06-05T15:37:47Z

AppPath: /run/current-system/sw/bin/git-credential-manager
InstallDir: /nix/store/m0mgy49ffnkdmqfrjx3z5s6dk66prq8q-git-credential-manager-2.6.1/lib/git-credential-manager/
Version: 2.6.1

------------
Diagnostic: Environment
Skipped: False
Success: True
Exception: None
Log:
OSType: Linux
OSVersion: NixOS 25.11 (Xantusia)
Reading environment variables... OK
 Variables:
USER=simonheise
TERM=alacritty
PYTHONNOUSERSITE=true
HL_INITIAL_WORKSPACE_TOKEN=763538b2-3095-4d41-b697-ea59cc7528ab
XCURSOR_PATH=/home/simonheise/.icons:/home/simonheise/.local/share/icons:/home/simonheise/.local/share/flatpak/exports/share/icons:/home/simonheise/.local/share/flatpak/exports/share/pixmaps:/var/lib/flatpak/exports/share/icons:/var/lib/flatpak/exports/share/pixmaps:/home/simonheise/.nix-profile/share/icons:/home/simonheise/.nix-profile/share/pixmaps:/home/simonheise/.local/state/nix/profile/share/icons:/home/simonheise/.local/state/nix/profile/share/pixmaps:/home/simonheise/.local/state/nix/profile/share/icons:/home/simonheise/.local/state/nix/profile/share/pixmaps:/etc/profiles/per-user/simonheise/share/icons:/etc/profiles/per-user/simonheise/share/pixmaps:/nix/var/nix/profiles/default/share/icons:/nix/var/nix/profiles/default/share/pixmaps:/run/current-system/sw/share/icons:/run/current-system/sw/share/pixmaps
SHELL=/run/current-system/sw/bin/bash
PAGER=less
LC_IDENTIFICATION=de_DE.UTF-8
DOTNET_ROOT=/nix/store/8gbasrdawfk04nfw8f7k3fz8621nzv5d-dotnet-runtime-wrapped-8.0.16/share/dotnet
XDG_DATA_HOME=/home/simonheise/.local/share
XDG_DATA_DIRS=/nix/store/qr414jjv7xs0k2i75dy048sk12rhjh1j-gnome-mimeapps/share:/nix/store/w2sv3np6v7r5a8bzkhs49ycvln5dk7lj-desktops/share:/home/simonheise/.local/share/flatpak/exports/share:/var/lib/flatpak/exports/share:/home/simonheise/.nix-profile/share:/home/simonheise/.local/state/nix/profile/share:/home/simonheise/.local/state/nix/profile/share:/etc/profiles/per-user/simonheise/share:/nix/var/nix/profiles/default/share:/run/current-system/sw/share:/nix/store/331y5xmvd6kbpn02v52bhgdcvfc0n05w-gnome-shell-48.1/share/gsettings-schemas/gnome-shell-48.1
GDM_X_SERVER_EXTRA_ARGS=-config /nix/store/j4f2hnd7vh49zfkiin95mgmbcb0hvdp5-xserver.conf -xkbdir /nix/store/6fq80h0myz0nc01425zm9hrfcl2p5hd7-xkeyboard-config-2.44/etc/X11/xkb -logfile /dev/null -nolisten tcp
XCURSOR_SIZE=24
NAUTILUS_4_EXTENSION_DIR=/nix/store/ghqzahdmg6q0fwmb925rnrzwk0h828fg-system-path/lib/nautilus/extensions-4
XDG_SESSION_TYPE=wayland
XDG_CACHE_HOME=/home/simonheise/.cache
LC_NUMERIC=de_DE.UTF-8
ALACRITTY_LOG=/tmp/Alacritty-4521.log
LC_PAPER=de_DE.UTF-8
__NIXOS_SET_ENVIRONMENT_DONE=1
COLORTERM=truecolor
UWSM_FINALIZE_VARNAMES=HYPRLAND_INSTANCE_SIGNATURE HYPRLAND_CMD HYPRCURSOR_THEME HYPRCURSOR_SIZE XCURSOR_SIZE XCURSOR_THEME
LC_NAME=de_DE.UTF-8
MANAGERPID=3199
LIBVA_DRIVER_NAME=nvidia
LESSKEYIN_SYSTEM=/nix/store/qlbfg75i4wz6sb2ipzh4n1k0p8gp4wjp-lessconfig
PWD=/home/simonheise/git_repos/nixos
GTK_PATH=/home/simonheise/.local/share/flatpak/exports/lib/gtk-2.0:/home/simonheise/.local/share/flatpak/exports/lib/gtk-3.0:/home/simonheise/.local/share/flatpak/exports/lib/gtk-4.0:/var/lib/flatpak/exports/lib/gtk-2.0:/var/lib/flatpak/exports/lib/gtk-3.0:/var/lib/flatpak/exports/lib/gtk-4.0:/home/simonheise/.nix-profile/lib/gtk-2.0:/home/simonheise/.nix-profile/lib/gtk-3.0:/home/simonheise/.nix-profile/lib/gtk-4.0:/home/simonheise/.local/state/nix/profile/lib/gtk-2.0:/home/simonheise/.local/state/nix/profile/lib/gtk-3.0:/home/simonheise/.local/state/nix/profile/lib/gtk-4.0:/home/simonheise/.local/state/nix/profile/lib/gtk-2.0:/home/simonheise/.local/state/nix/profile/lib/gtk-3.0:/home/simonheise/.local/state/nix/profile/lib/gtk-4.0:/etc/profiles/per-user/simonheise/lib/gtk-2.0:/etc/profiles/per-user/simonheise/lib/gtk-3.0:/etc/profiles/per-user/simonheise/lib/gtk-4.0:/nix/var/nix/profiles/default/lib/gtk-2.0:/nix/var/nix/profiles/default/lib/gtk-3.0:/nix/var/nix/profiles/default/lib/gtk-4.0:/run/current-system/sw/lib/gtk-2.0:/run/current-system/sw/lib/gtk-3.0:/run/current-system/sw/lib/gtk-4.0
__GLX_VENDOR_LIBRARY_NAME=nvidia
HYPRLAND_CMD=/run/current-system/sw/bin/Hyprland
PATH=/nix/store/805a5wv1cyah5awij184yfad1ksmbh9f-git-2.49.0/bin:/nix/store/zf12chbmsxmkidrgafqwf8pw4ldlpdch-gnupg-2.4.7/bin:/nix/store/yycj1sifsm42b8kwf28xvhq0fpgpgqd4-password-store-1.7.4/bin:/nix/store/8gbasrdawfk04nfw8f7k3fz8621nzv5d-dotnet-runtime-wrapped-8.0.16/bin:/run/wrappers/bin:/home/simonheise/.local/share/flatpak/exports/bin:/var/lib/flatpak/exports/bin:/home/simonheise/.nix-profile/bin:/home/simonheise/.local/state/nix/profile/bin:/home/simonheise/.local/state/nix/profile/bin:/etc/profiles/per-user/simonheise/bin:/nix/var/nix/profiles/default/bin:/run/current-system/sw/bin:/home/simonheise/npm-packages/bin
GIO_EXTRA_MODULES=/nix/store/dkl7d9jcllsngmxmi1hmxqnasyx2mbgk-gvfs-1.57.2/lib/gio/modules:/nix/store/xmddjql7kr5rkx59pidwgb22lrkalcmg-glib-networking-2.80.1/lib/gio/modules:/nix/store/0rq9g4rvssd2ldp9x854h49fn0gb2l43-dconf-0.40.0-lib/lib/gio/modules
NIX_XDG_DESKTOP_PORTAL_DIR=/run/current-system/sw/share/xdg-desktop-portal/portals
LC_TIME=de_DE.UTF-8
GDMSESSION=hyprland-uwsm
SSH_ASKPASS=/nix/store/a3nvd8vf19mjhadv8cdzdbcwgpxr5k2a-seahorse-47.0.1/libexec/seahorse/ssh-askpass
XDG_SESSION_DESKTOP=Hyprland
TZDIR=/etc/zoneinfo
XDG_CONFIG_HOME=/home/simonheise/.config
XDG_SESSION_ID=2
DBUS_SESSION_BUS_ADDRESS=unix:path=/run/user/1000/bus
HOME=/home/simonheise
LANG=en_US.UTF-8
XDG_CONFIG_DIRS=/etc/xdg:/home/simonheise/.local/share/flatpak/exports/etc/xdg:/var/lib/flatpak/exports/etc/xdg:/home/simonheise/.nix-profile/etc/xdg:/home/simonheise/.local/state/nix/profile/etc/xdg:/home/simonheise/.local/state/nix/profile/etc/xdg:/etc/profiles/per-user/simonheise/etc/xdg:/nix/var/nix/profiles/default/etc/xdg:/run/current-system/sw/etc/xdg
XDG_VTNR=2
GDM_X_SESSION_WRAPPER=/nix/store/dc6ynirvg2xybccklsngbfvbdf7bggxp-gdm-x-session-wrapper
CUPS_DATADIR=/nix/store/1ryrw0i4lvfby11x1y5nndkc7jhbf9z1-cups-progs/share/cups
SHLVL=1
INVOCATION_ID=45f46b3fd0f048dc9400242ec0992c79
WINDOWID=93967115233280
LC_MONETARY=de_DE.UTF-8
XDG_SESSION_CLASS=user
GDM_LANG=en_US.UTF-8
__fish_nixos_env_preinit_sourced=1
LC_ADDRESS=de_DE.UTF-8
SYSTEMD_EXEC_PID=3339
DESKTOP_SESSION=hyprland-uwsm
MEMORY_PRESSURE_WRITE=c29tZSAyMDAwMDAgMjAwMDAwMAA=
MOZ_ENABLE_WAYLAND=1
DISPLAY=:0
LOCALE_ARCHIVE=/run/current-system/sw/lib/locale/locale-archive
WAYLAND_DISPLAY=wayland-1
INFOPATH=/home/simonheise/.local/share/flatpak/exports/info:/home/simonheise/.local/share/flatpak/exports/share/info:/var/lib/flatpak/exports/info:/var/lib/flatpak/exports/share/info:/home/simonheise/.nix-profile/info:/home/simonheise/.nix-profile/share/info:/home/simonheise/.local/state/nix/profile/info:/home/simonheise/.local/state/nix/profile/share/info:/home/simonheise/.local/state/nix/profile/info:/home/simonheise/.local/state/nix/profile/share/info:/etc/profiles/per-user/simonheise/info:/etc/profiles/per-user/simonheise/share/info:/nix/var/nix/profiles/default/info:/nix/var/nix/profiles/default/share/info:/run/current-system/sw/info:/run/current-system/sw/share/info
GBM_BACKEND=nvidia-drm
UWSM_WAIT_VARNAMES=HYPRLAND_INSTANCE_SIGNATURE
_JAVA_AWT_WM_NONREPARENTING=1
NIX_PATH=nixpkgs=flake:nixpkgs:/nix/var/nix/profiles/per-user/root/channels
NIX_GSETTINGS_OVERRIDES_DIR=/nix/store/fwparjir1a0pl17hnrxif1svxppld850-gnome-gsettings-overrides/share/gsettings-schemas/nixos-gsettings-overrides/glib-2.0/schemas
ALACRITTY_WINDOW_ID=93967115233280
XDG_RUNTIME_DIR=/run/user/1000
XDG_SEAT=seat0
LD_LIBRARY_PATH=/nix/store/i4lj3w4yd9x9jbi7a1xhjqsr7bg8jq7p-icu4c-76.1/lib:/nix/store/bkm4ppw3rpyndsvy5r18fjpngg2730ip-libICE-1.1.2/lib:/nix/store/170jn0hjz46hab3376z1fj79vmn0nynm-libSM-1.2.5/lib:/nix/store/mpvxc1dbpnk74345lk69dw497iqcjvj0-libX11-1.8.12/lib:/nix/store/x8c7sj6qnmlwsi64707yjx3fn0njbc21-libsecret-0.21.7/lib
QTWEBKIT_PLUGIN_PATH=/home/simonheise/.local/share/flatpak/exports/lib/mozilla/plugins/:/var/lib/flatpak/exports/lib/mozilla/plugins/:/home/simonheise/.nix-profile/lib/mozilla/plugins/:/home/simonheise/.local/state/nix/profile/lib/mozilla/plugins/:/home/simonheise/.local/state/nix/profile/lib/mozilla/plugins/:/etc/profiles/per-user/simonheise/lib/mozilla/plugins/:/nix/var/nix/profiles/default/lib/mozilla/plugins/:/run/current-system/sw/lib/mozilla/plugins/
LIBEXEC_PATH=/home/simonheise/.local/share/flatpak/exports/libexec:/var/lib/flatpak/exports/libexec:/home/simonheise/.nix-profile/libexec:/home/simonheise/.local/state/nix/profile/libexec:/home/simonheise/.local/state/nix/profile/libexec:/etc/profiles/per-user/simonheise/libexec:/nix/var/nix/profiles/default/libexec:/run/current-system/sw/libexec
EDITOR=nvim
NIX_PROFILES=/run/current-system/sw /nix/var/nix/profiles/default /etc/profiles/per-user/simonheise /home/simonheise/.local/state/nix/profile /home/simonheise/.local/state/nix/profile /home/simonheise/.nix-profile /var/lib/flatpak/exports /home/simonheise/.local/share/flatpak/exports
USERNAME=simonheise
LC_TELEPHONE=de_DE.UTF-8
XDG_CURRENT_DESKTOP=Hyprland
XDG_MENU_PREFIX=Hyprland-
LOGNAME=simonheise
JOURNAL_STREAM=9:21650
NOTIFY_SOCKET=/run/user/1000/systemd/notify
LC_MEASUREMENT=de_DE.UTF-8
NIXPKGS_CONFIG=/etc/nix/nixpkgs-config.nix
TERMINFO_DIRS=/home/simonheise/.local/share/flatpak/exports/share/terminfo:/var/lib/flatpak/exports/share/terminfo:/home/simonheise/.nix-profile/share/terminfo:/home/simonheise/.local/state/nix/profile/share/terminfo:/home/simonheise/.local/state/nix/profile/share/terminfo:/etc/profiles/per-user/simonheise/share/terminfo:/nix/var/nix/profiles/default/share/terminfo:/run/current-system/sw/share/terminfo
ALACRITTY_SOCKET=/run/user/1000/Alacritty-wayland-1-4521.sock
HYPRLAND_INSTANCE_SIGNATURE=9958d297641b5c84dcff93f9039d80a5ad37ab00_1749136918_237180572
XDG_BACKEND=wayland
GIT_TRACE2_PARENT_SID=27f42476-b786-4767-aab7-b22c17cf0637
NIX_USER_PROFILE_DIR=/nix/var/nix/profiles/per-user/simonheise
XDG_STATE_HOME=/home/simonheise/.local/state
LOCALE_ARCHIVE_2_27=/nix/store/qpmy7m14i9q3a39z9r8l9fl9jyvi16gw-glibc-locales-2.40-66/lib/locale/locale-archive
MEMORY_PRESSURE_WATCH=/sys/fs/cgroup/user.slice/user-1000.slice/user@1000.service/session.slice/wayland-wm@Hyprland.service/memory.pressure


------------
Diagnostic: File system
Skipped: False
Success: True
Exception: None
Log:
Temporary directory is '/tmp/'...
Checking basic file I/O...
Writing to temporary file '/tmp/60194cf4ae80abf591a1d3cb'... OK
Reading from temporary file '/tmp/60194cf4ae80abf591a1d3cb'... OK
Deleting temporary file '/tmp/60194cf4ae80abf591a1d3cb'... OK
Testing IFileSystem instance...
UserHomePath: /home/simonheise
UserDataDirectoryPath: /home/simonheise/.gcm
GetCurrentDirectory(): /mnt/nvme2/git_repos/nixos

------------
Diagnostic: Networking
Skipped: False
Success: True
Exception: None
Log:
Checking networking and HTTP stack...
Creating HTTP client... OK
IsNetworkAvailable: True
Sending HEAD request to http://example.com...Sending HEAD request to https://example.com... OK
 OK
Acquiring free TCP port... OK
Testing local HTTP loopback connections...
Creating new HTTP listener for http://localhost:38437/... OK
Waiting for loopback connection... OK
Writing response... OK
Waiting for response data... OK
Loopback connection data OK

------------
Diagnostic: Git
Skipped: False
Success: True
Exception: None
Log:
Getting Git version... OK
Git version is '2.49.0'
Locating current repository...Git repository at '/mnt/nvme2/git_repos/nixos/.git'
 OK
Listing all Git configuration... OK
Git configuration:
file:/home/simonheise/.gitconfig	user.name=nomispaz
file:/home/simonheise/.gitconfig	user.email=nomispaz@email
file:/home/simonheise/.gitconfig	credential.credentialstore=secretservice
file:.git/config	core.repositoryformatversion=0
file:.git/config	core.filemode=true
file:.git/config	core.bare=false
file:.git/config	core.logallrefupdates=true
file:.git/config	remote.origin.url=https://github.com/nomispaz/nixos
file:.git/config	remote.origin.fetch=+refs/heads/*:refs/remotes/origin/*
file:.git/config	branch.main.remote=origin
file:.git/config	branch.main.merge=refs/heads/main


------------
Diagnostic: Credential storage
Skipped: False
Success: False
Exception:
GitCredentialManager.Interop.InteropException: Failed to store credentials
 ---> System.Exception: Cannot create an item in a locked collection
   --- End of inner exception stack trace ---
   at GitCredentialManager.Interop.Linux.SecretServiceCollection.AddOrUpdate(String service, String account, String secret) in /build/source/src/shared/Core/Interop/Linux/SecretServiceCollection.cs:line 185
   at GitCredentialManager.CredentialStore.AddOrUpdate(String service, String account, String secret) in /build/source/src/shared/Core/CredentialStore.cs:line 43
   at GitCredentialManager.Diagnostics.CredentialStoreDiagnostic.RunInternalAsync(StringBuilder log, IList`1 additionalFiles) in /build/source/src/shared/Core/Diagnostics/CredentialStoreDiagnostic.cs:line 26
   at GitCredentialManager.Diagnostics.Diagnostic.RunAsync() in /build/source/src/shared/Core/Diagnostics/Diagnostic.cs:line 43
Log:
ICredentialStore instance is of type: CredentialStore
Writing test credential...Deleting test credential... OK

------------
Diagnostic: Microsoft authentication (AAD/MSA)
Skipped: False
Success: True
Exception: None
Log:
Broker is not enabled.
Flow type is: Auto
Gathering MSAL token cache data... OK
CacheDirectory: /home/simonheise/.local/.IdentityService
CacheFileName: msal.cache
CacheFilePath: /home/simonheise/.local/.IdentityService/msal.cache
KeyringCollection: 
KeyringSchemaName: 
KeyringSecretLabel: 
KeyringAttribute1: (,)
KeyringAttribute2: (,)
Creating cache helper... OK
Verifying MSAL token cache persistence... OK

------------
Diagnostic: GitHub API
Skipped: False
Success: True
Exception: None
Log:
Using 'https://github.com/' as API target.
Querying '/meta' endpoint... OK

